2023/06/12 08:19:22 [notice] 1#1: using the "epoll" event method
2023/06/12 08:19:22 [notice] 1#1: nginx/1.25.0
2023/06/12 08:19:22 [notice] 1#1: built by gcc 10.2.1 20210110 (Debian 10.2.1-6) 
2023/06/12 08:19:22 [notice] 1#1: OS: Linux 5.15.90.1-microsoft-standard-WSL2
2023/06/12 08:19:22 [notice] 1#1: getrlimit(RLIMIT_NOFILE): 1048576:1048576
2023/06/12 08:19:22 [notice] 1#1: start worker processes
2023/06/12 08:19:22 [notice] 1#1: start worker process 20
2023/06/12 08:19:22 [notice] 1#1: start worker process 21
2023/06/12 08:19:22 [notice] 1#1: start worker process 22
2023/06/12 08:19:22 [notice] 1#1: start worker process 23
2023/06/12 10:44:29 [notice] 1#1: signal 3 (SIGQUIT) received, shutting down
2023/06/12 10:44:29 [notice] 21#21: gracefully shutting down
2023/06/12 10:44:29 [notice] 23#23: gracefully shutting down
2023/06/12 10:44:29 [notice] 22#22: gracefully shutting down
2023/06/12 10:44:29 [notice] 20#20: gracefully shutting down
2023/06/12 10:44:29 [notice] 23#23: exiting
2023/06/12 10:44:29 [notice] 21#21: exiting
2023/06/12 10:44:29 [notice] 22#22: exiting
2023/06/12 10:44:29 [notice] 21#21: exit
2023/06/12 10:44:29 [notice] 23#23: exit
2023/06/12 10:44:29 [notice] 22#22: exit
2023/06/12 10:44:29 [notice] 20#20: exiting
2023/06/12 10:44:29 [notice] 20#20: exit
2023/06/12 10:44:29 [notice] 1#1: signal 17 (SIGCHLD) received from 22
2023/06/12 10:44:29 [notice] 1#1: worker process 20 exited with code 0
2023/06/12 10:44:29 [notice] 1#1: worker process 21 exited with code 0
2023/06/12 10:44:29 [notice] 1#1: worker process 22 exited with code 0
2023/06/12 10:44:29 [notice] 1#1: worker process 23 exited with code 0
2023/06/12 10:44:29 [notice] 1#1: exit
2023/06/12 10:45:58 [notice] 1#1: using the "epoll" event method
2023/06/12 10:45:58 [notice] 1#1: nginx/1.25.0
2023/06/12 10:45:58 [notice] 1#1: built by gcc 10.2.1 20210110 (Debian 10.2.1-6) 
2023/06/12 10:45:58 [notice] 1#1: OS: Linux 5.15.90.1-microsoft-standard-WSL2
2023/06/12 10:45:58 [notice] 1#1: getrlimit(RLIMIT_NOFILE): 1048576:1048576
2023/06/12 10:45:58 [notice] 1#1: start worker processes
2023/06/12 10:45:58 [notice] 1#1: start worker process 19
2023/06/12 10:45:58 [notice] 1#1: start worker process 20
2023/06/12 10:45:58 [notice] 1#1: start worker process 21
2023/06/12 10:45:58 [notice] 1#1: start worker process 22
2023/06/12 10:48:49 [notice] 1#1: using the "epoll" event method
2023/06/12 10:48:49 [notice] 1#1: nginx/1.25.0
2023/06/12 10:48:49 [notice] 1#1: built by gcc 10.2.1 20210110 (Debian 10.2.1-6) 
2023/06/12 10:48:49 [notice] 1#1: OS: Linux 5.15.90.1-microsoft-standard-WSL2
2023/06/12 10:48:49 [notice] 1#1: getrlimit(RLIMIT_NOFILE): 1048576:1048576
2023/06/12 10:48:49 [notice] 1#1: start worker processes
2023/06/12 10:48:49 [notice] 1#1: start worker process 21
2023/06/12 10:48:49 [notice] 1#1: start worker process 22
2023/06/12 10:48:49 [notice] 1#1: start worker process 23
2023/06/12 10:48:49 [notice] 1#1: start worker process 24
2023/06/12 14:31:42 [notice] 24#24: signal 15 (SIGTERM) received, exiting
2023/06/12 14:31:43 [notice] 1#1: signal 15 (SIGTERM) received, exiting
2023/06/12 14:31:43 [notice] 24#24: exiting
2023/06/12 14:31:43 [notice] 21#21: signal 15 (SIGTERM) received, exiting
2023/06/12 14:31:43 [notice] 22#22: signal 15 (SIGTERM) received, exiting
2023/06/12 14:31:43 [notice] 22#22: exiting
2023/06/12 14:31:43 [notice] 23#23: signal 15 (SIGTERM) received, exiting
2023/06/12 14:31:43 [notice] 23#23: exiting
2023/06/12 14:31:43 [notice] 24#24: exit
2023/06/12 14:31:43 [notice] 1#1: signal 14 (SIGALRM) received
2023/06/12 14:31:43 [notice] 21#21: exiting
2023/06/12 14:31:43 [notice] 22#22: exit
2023/06/12 14:31:43 [notice] 23#23: exit
2023/06/12 14:31:43 [notice] 1#1: signal 14 (SIGALRM) received
2023/06/12 14:31:43 [notice] 21#21: exit
2023/06/12 14:31:43 [notice] 1#1: signal 17 (SIGCHLD) received from 23
2023/06/12 14:31:43 [notice] 1#1: worker process 23 exited with code 0
2023/06/12 14:31:43 [notice] 1#1: signal 29 (SIGIO) received
2023/06/12 14:31:43 [notice] 1#1: signal 17 (SIGCHLD) received from 22
2023/06/12 14:31:43 [notice] 1#1: worker process 21 exited with code 0
2023/06/12 14:31:43 [notice] 1#1: worker process 22 exited with code 0
2023/06/12 14:31:43 [notice] 1#1: signal 17 (SIGCHLD) received from 21
2023/06/12 14:31:43 [notice] 1#1: worker process 24 exited with code 0
2023/06/12 14:31:43 [notice] 1#1: signal 17 (SIGCHLD) received from 24
2023/06/12 14:31:43 [notice] 1#1: exit
2023/06/12 15:17:27 [notice] 1#1: using the "epoll" event method
2023/06/12 15:17:27 [notice] 1#1: nginx/1.25.0
2023/06/12 15:17:27 [notice] 1#1: built by gcc 10.2.1 20210110 (Debian 10.2.1-6) 
2023/06/12 15:17:27 [notice] 1#1: OS: Linux 5.15.90.1-microsoft-standard-WSL2
2023/06/12 15:17:27 [notice] 1#1: getrlimit(RLIMIT_NOFILE): 1048576:1048576
2023/06/12 15:17:27 [notice] 1#1: start worker processes
2023/06/12 15:17:27 [notice] 1#1: start worker process 20
2023/06/12 15:17:27 [notice] 1#1: start worker process 21
2023/06/12 15:17:27 [notice] 1#1: start worker process 22
2023/06/12 15:17:27 [notice] 1#1: start worker process 23
2023/06/12 15:18:29 [notice] 1#1: signal 3 (SIGQUIT) received, shutting down
2023/06/12 15:18:29 [notice] 22#22: gracefully shutting down
2023/06/12 15:18:29 [notice] 20#20: gracefully shutting down
2023/06/12 15:18:29 [notice] 21#21: gracefully shutting down
2023/06/12 15:18:29 [notice] 23#23: gracefully shutting down
2023/06/12 15:18:29 [notice] 22#22: exiting
2023/06/12 15:18:29 [notice] 20#20: exiting
2023/06/12 15:18:29 [notice] 21#21: exiting
2023/06/12 15:18:29 [notice] 23#23: exiting
2023/06/12 15:18:29 [notice] 20#20: exit
2023/06/12 15:18:29 [notice] 22#22: exit
2023/06/12 15:18:29 [notice] 21#21: exit
2023/06/12 15:18:29 [notice] 23#23: exit
2023/06/12 15:18:29 [notice] 1#1: signal 17 (SIGCHLD) received from 22
2023/06/12 15:18:29 [notice] 1#1: worker process 20 exited with code 0
2023/06/12 15:18:29 [notice] 1#1: worker process 21 exited with code 0
2023/06/12 15:18:29 [notice] 1#1: worker process 22 exited with code 0
2023/06/12 15:18:29 [notice] 1#1: worker process 23 exited with code 0
2023/06/12 15:18:29 [notice] 1#1: exit
2023/06/12 15:18:31 [notice] 1#1: using the "epoll" event method
2023/06/12 15:18:31 [notice] 1#1: nginx/1.25.0
2023/06/12 15:18:31 [notice] 1#1: built by gcc 10.2.1 20210110 (Debian 10.2.1-6) 
2023/06/12 15:18:31 [notice] 1#1: OS: Linux 5.15.90.1-microsoft-standard-WSL2
2023/06/12 15:18:31 [notice] 1#1: getrlimit(RLIMIT_NOFILE): 1048576:1048576
2023/06/12 15:18:31 [notice] 1#1: start worker processes
2023/06/12 15:18:31 [notice] 1#1: start worker process 20
2023/06/12 15:18:31 [notice] 1#1: start worker process 21
2023/06/12 15:18:31 [notice] 1#1: start worker process 22
2023/06/12 15:18:31 [notice] 1#1: start worker process 23
2023/06/12 15:33:04 [notice] 1#1: signal 3 (SIGQUIT) received, shutting down
2023/06/12 15:33:04 [notice] 23#23: gracefully shutting down
2023/06/12 15:33:04 [notice] 21#21: gracefully shutting down
2023/06/12 15:33:04 [notice] 20#20: gracefully shutting down
2023/06/12 15:33:04 [notice] 22#22: gracefully shutting down
2023/06/12 15:33:04 [notice] 23#23: exiting
2023/06/12 15:33:04 [notice] 21#21: exiting
2023/06/12 15:33:04 [notice] 20#20: exiting
2023/06/12 15:33:04 [notice] 22#22: exiting
2023/06/12 15:33:04 [notice] 23#23: exit
2023/06/12 15:33:04 [notice] 21#21: exit
2023/06/12 15:33:04 [notice] 20#20: exit
2023/06/12 15:33:04 [notice] 22#22: exit
2023/06/12 15:33:04 [notice] 1#1: signal 17 (SIGCHLD) received from 21
2023/06/12 15:33:04 [notice] 1#1: worker process 20 exited with code 0
2023/06/12 15:33:04 [notice] 1#1: worker process 21 exited with code 0
2023/06/12 15:33:04 [notice] 1#1: worker process 22 exited with code 0
2023/06/12 15:33:04 [notice] 1#1: worker process 23 exited with code 0
2023/06/12 15:33:04 [notice] 1#1: exit
2023/06/13 05:53:55 [notice] 1#1: using the "epoll" event method
2023/06/13 05:53:55 [notice] 1#1: nginx/1.25.0
2023/06/13 05:53:55 [notice] 1#1: built by gcc 10.2.1 20210110 (Debian 10.2.1-6) 
2023/06/13 05:53:55 [notice] 1#1: OS: Linux 5.15.90.1-microsoft-standard-WSL2
2023/06/13 05:53:55 [notice] 1#1: getrlimit(RLIMIT_NOFILE): 1048576:1048576
2023/06/13 05:53:55 [notice] 1#1: start worker processes
2023/06/13 05:53:55 [notice] 1#1: start worker process 20
2023/06/13 05:53:55 [notice] 1#1: start worker process 21
2023/06/13 05:53:55 [notice] 1#1: start worker process 22
2023/06/13 05:53:55 [notice] 1#1: start worker process 23
2023/06/13 05:53:55 [notice] 1#1: start worker process 24
2023/06/13 05:53:55 [notice] 1#1: start worker process 25
2023/06/13 05:53:55 [notice] 1#1: start worker process 26
2023/06/13 05:53:55 [notice] 1#1: start worker process 27
